<?xml version="1.0" encoding="UTF-8"?>
<!-- Generated by org.testng.reporters.JUnitReportReporter -->
<testsuite hostname="SPMUMLAP-043" failures="0" tests="3" name="com.test.user.All_scenarios" time="34.664" errors="0" timestamp="2024-02-26T18:23:07 IST" skipped="0">
  <testcase classname="com.test.user.All_scenarios" name="RUNALL" time="13.933"/>
  <system-out/>
  <testcase classname="com.test.user.All_scenarios" name="RUNALL" time="13.595"/>
  <system-out/>
  <testcase classname="com.test.user.All_scenarios" name="RUNALL" time="7.136"/>
  <system-out/>
</testsuite> <!-- com.test.user.All_scenarios -->
